<?xml version="1.0" encoding="UTF-8"?>
<!-- Generated by org.testng.reporters.JUnitReportReporter -->
<testsuite hostname="DESKTOP-BBPOKP5" failures="0" tests="2" name="day_8.CreateUser" time="5.598" errors="0" timestamp="2023-08-04T12:01:56 EDT" skipped="0">
  <testcase classname="day_8.CreateUser" name="test_createUser" time="4.817"/>
  <system-out/>
  <testcase classname="day_8.CreateUser" name="test_createUser" time="0.781"/>
  <system-out/>
</testsuite> <!-- day_8.CreateUser -->
