<?xml version="1.0" encoding="UTF-8"?>
<!-- Generated by org.testng.reporters.JUnitReportReporter -->
<testsuite hostname="DESKTOP-BBPOKP5" failures="0" tests="2" name="day_8.UpdateUser" time="2.093" errors="0" timestamp="2023-08-04T12:01:56 EDT" skipped="0">
  <testcase classname="day_8.UpdateUser" name="test_getUser" time="1.258"/>
  <system-out/>
  <testcase classname="day_8.UpdateUser" name="test_getUser" time="0.835"/>
  <system-out/>
</testsuite> <!-- day_8.UpdateUser -->
