<?xml version="1.0" encoding="UTF-8"?>
<!-- Generated by org.testng.reporters.JUnitReportReporter -->
<testsuite hostname="DESKTOP-BBPOKP5" failures="0" tests="2" name="day_8.GetUser" time="2.562" errors="0" timestamp="2023-08-04T12:01:56 EDT" skipped="0">
  <testcase classname="day_8.GetUser" name="test_getUser" time="1.204"/>
  <system-out/>
  <testcase classname="day_8.GetUser" name="test_getUser" time="1.358"/>
  <system-out/>
</testsuite> <!-- day_8.GetUser -->
