<?xml version="1.0" encoding="UTF-8"?>
<!-- Generated by org.testng.reporters.JUnitReportReporter -->
<testsuite hostname="DESKTOP-BBPOKP5" failures="0" tests="2" name="day_8.DeleteUser" time="1.429" errors="0" timestamp="2023-08-04T12:01:55 EDT" skipped="0">
  <testcase classname="day_8.DeleteUser" name="test_deleteUser" time="0.693"/>
  <system-out/>
  <testcase classname="day_8.DeleteUser" name="test_deleteUser" time="0.736"/>
  <system-out/>
</testsuite> <!-- day_8.DeleteUser -->
